app/build/intermediates/manifest_merge_blame_file/debug/manifest-merger-blame-debug-report.txt
1<?xml version="1.0" encoding="utf-8"?>
2<manifest xmlns:android="http://schemas.android.com/apk/res/android"
3    package="com.lakj.comspace.simpletextclient"
4    android:versionCode="1"
5    android:versionName="2.0" >
6
7    <uses-sdk
7-->src\main\AndroidManifest.xml:9:5-47
8        android:minSdkVersion="19"
8-->src\main\AndroidManifest.xml:9:5-47
9        android:targetSdkVersion="30" />
9-->src\main\AndroidManifest.xml:9:15-44
10
11    <uses-permission android:name="android.permission.SEND_SMS" />
11-->src\main\AndroidManifest.xml:7:5-66
11-->src\main\AndroidManifest.xml:7:22-64
12    <uses-permission android:name="android.permission.INTERNET" />
12-->src\main\AndroidManifest.xml:11:5-67
12-->src\main\AndroidManifest.xml:11:22-64
13    <uses-permission
14        name="android.permission.WRITE_EXTERNAL_STORAGE"
15        android:name="android.permission.WRITE_EXTERNAL_STORAGE" />
16    <uses-permission
17        name="android.permission.READ_PHONE_STATE"
18        android:name="android.permission.READ_PHONE_STATE" />
19    <uses-permission
20        name="android.permission.READ_EXTERNAL_STORAGE"
21        android:name="android.permission.READ_EXTERNAL_STORAGE" />
22
23    <application
23-->src\main\AndroidManifest.xml:20:5-58:19
24        android:allowBackup="true"
24-->src\main\AndroidManifest.xml:21:9-35
25        android:debuggable="true"
26        android:icon="@mipmap/logoico"
26-->src\main\AndroidManifest.xml:22:9-39
27        android:label="Car Rental System"
27-->src\main\AndroidManifest.xml:23:9-42
28        android:theme="@android:style/Theme.NoTitleBar" >
28-->src\main\AndroidManifest.xml:24:9-56
29        <activity
29-->src\main\AndroidManifest.xml:25:9-29:20
30            android:name="com.lakj.comspace.simpletextclient.SlimpleTextClientActivity"
30-->src\main\AndroidManifest.xml:26:13-54
31            android:label="@string/app_name" >
31-->src\main\AndroidManifest.xml:27:13-45
32        </activity>
33        <activity
33-->src\main\AndroidManifest.xml:30:9-39:20
34            android:name="com.lakj.comspace.simpletextclient.VirtualWaitress"
34-->src\main\AndroidManifest.xml:31:13-44
35            android:label="Car Rental System" >
35-->src\main\AndroidManifest.xml:32:13-46
36            <intent-filter>
36-->src\main\AndroidManifest.xml:33:13-37:29
37                <action android:name="android.intent.action.MAIN" />
37-->src\main\AndroidManifest.xml:34:17-69
37-->src\main\AndroidManifest.xml:34:25-66
38
39                <category android:name="android.intent.category.LAUNCHER" />
39-->src\main\AndroidManifest.xml:36:17-77
39-->src\main\AndroidManifest.xml:36:27-74
40            </intent-filter>
41        </activity>
42        <activity android:name="com.lakj.comspace.simpletextclient.Order_Type" >
42-->src\main\AndroidManifest.xml:40:9-41:20
42-->src\main\AndroidManifest.xml:40:19-45
43        </activity>
44        <activity android:name="com.lakj.comspace.simpletextclient.Starters" >
44-->src\main\AndroidManifest.xml:42:9-43:20
44-->src\main\AndroidManifest.xml:42:19-43
45        </activity>
46        <activity android:name="com.lakj.comspace.simpletextclient.Veg" >
46-->src\main\AndroidManifest.xml:44:9-45:20
46-->src\main\AndroidManifest.xml:44:19-38
47        </activity>
48        <activity android:name="com.lakj.comspace.simpletextclient.N_Veg" >
48-->src\main\AndroidManifest.xml:46:9-47:20
48-->src\main\AndroidManifest.xml:46:19-40
49        </activity>
50        <activity android:name="com.lakj.comspace.simpletextclient.Dessert" >
50-->src\main\AndroidManifest.xml:48:9-49:20
50-->src\main\AndroidManifest.xml:48:19-42
51        </activity>
52        <activity
52-->src\main\AndroidManifest.xml:50:9-53:20
53            android:name="com.lakj.comspace.simpletextclient.finalize_order"
53-->src\main\AndroidManifest.xml:51:13-43
54            android:label="@string/title_activity_finalize_order" >
54-->src\main\AndroidManifest.xml:52:13-66
55        </activity>
56        <activity
56-->src\main\AndroidManifest.xml:54:9-57:20
57            android:name="com.lakj.comspace.simpletextclient.thankyou"
57-->src\main\AndroidManifest.xml:55:13-37
58            android:label="@string/title_activity_thankyou" >
58-->src\main\AndroidManifest.xml:56:13-60
59        </activity>
60    </application>
61
62</manifest>